Reachable types computed on: Sat Oct 17 15:55:16 CEST 2009
com.google.gwt.i18n.client.impl.DateRecord
   Serialization status
      Instantiable
   Path
      'com.google.gwt.i18n.client.impl.DateRecord' is reachable as a subtype of type 'class java.util.Date'
      'java.util.Date' is reachable from field 'creationDate' of type 'javawars.domain.Robot'
      'javawars.domain.Robot' is reachable as a subtype of type 'class javawars.domain.Robot'
      Started from 'javawars.domain.Robot'

com.google.gwt.user.client.rpc.IncompatibleRemoteServiceException
   Serialization status
      Instantiable
   Path
      'com.google.gwt.user.client.rpc.IncompatibleRemoteServiceException' is reachable as a subtype of type 'class com.google.gwt.user.client.rpc.IncompatibleRemoteServiceException'
      Started from 'com.google.gwt.user.client.rpc.IncompatibleRemoteServiceException'

java.lang.Boolean
   Serialization status
      Instantiable
   Path
      'java.lang.Boolean' is reachable as a subtype of type 'class java.lang.Boolean'
      Started from 'java.lang.Boolean'

java.lang.Exception
   Serialization status
      Field serializable
   Path
      'java.lang.Exception' is reachable as a supertype of type 'class java.lang.RuntimeException'
      'java.lang.RuntimeException' is reachable as a supertype of type 'class com.google.gwt.user.client.rpc.IncompatibleRemoteServiceException'
      'com.google.gwt.user.client.rpc.IncompatibleRemoteServiceException' is reachable as a subtype of type 'class com.google.gwt.user.client.rpc.IncompatibleRemoteServiceException'
      Started from 'com.google.gwt.user.client.rpc.IncompatibleRemoteServiceException'

java.lang.Long
   Serialization status
      Instantiable
   Path
      'java.lang.Long' is reachable as a subtype of type 'class java.lang.Long'
      'java.lang.Long' is reachable from field 'id' of type 'javawars.domain.Robot'
      'javawars.domain.Robot' is reachable as a subtype of type 'class javawars.domain.Robot'
      Started from 'javawars.domain.Robot'

java.lang.Number
   Serialization status
      Field serializable
   Path
      'java.lang.Number' is reachable as a supertype of type 'class java.lang.Long'
      'java.lang.Long' is reachable as a subtype of type 'class java.lang.Long'
      'java.lang.Long' is reachable from field 'id' of type 'javawars.domain.Robot'
      'javawars.domain.Robot' is reachable as a subtype of type 'class javawars.domain.Robot'
      Started from 'javawars.domain.Robot'

java.lang.RuntimeException
   Serialization status
      Field serializable
   Path
      'java.lang.RuntimeException' is reachable as a supertype of type 'class com.google.gwt.user.client.rpc.IncompatibleRemoteServiceException'
      'com.google.gwt.user.client.rpc.IncompatibleRemoteServiceException' is reachable as a subtype of type 'class com.google.gwt.user.client.rpc.IncompatibleRemoteServiceException'
      Started from 'com.google.gwt.user.client.rpc.IncompatibleRemoteServiceException'

java.lang.String
   Serialization status
      Instantiable
   Path
      'java.lang.String' is reachable as a subtype of type 'class java.lang.String'
      Started from 'java.lang.String'

java.lang.String[]
   Serialization status
      Instantiable
   Path
      'java.lang.String' is reachable from type argument 0 of type 'java.util.Arrays.ArrayList<E>'
      'java.util.Arrays.ArrayList<java.lang.String>' is reachable as a subtype of type 'interface java.util.List<java.lang.String>'
      Started from 'java.util.List<java.lang.String>'

java.lang.Throwable
   Serialization status
      Field serializable
   Path
      'java.lang.Throwable' is reachable as a supertype of type 'class java.lang.Exception'
      'java.lang.Exception' is reachable as a supertype of type 'class java.lang.RuntimeException'
      'java.lang.RuntimeException' is reachable as a supertype of type 'class com.google.gwt.user.client.rpc.IncompatibleRemoteServiceException'
      'com.google.gwt.user.client.rpc.IncompatibleRemoteServiceException' is reachable as a subtype of type 'class com.google.gwt.user.client.rpc.IncompatibleRemoteServiceException'
      Started from 'com.google.gwt.user.client.rpc.IncompatibleRemoteServiceException'

java.sql.Date
   Serialization status
      Instantiable
   Path
      'java.sql.Date' is reachable as a subtype of type 'class java.util.Date'
      'java.util.Date' is reachable from field 'creationDate' of type 'javawars.domain.Robot'
      'javawars.domain.Robot' is reachable as a subtype of type 'class javawars.domain.Robot'
      Started from 'javawars.domain.Robot'

java.sql.Time
   Serialization status
      Instantiable
   Path
      'java.sql.Time' is reachable as a subtype of type 'class java.util.Date'
      'java.util.Date' is reachable from field 'creationDate' of type 'javawars.domain.Robot'
      'javawars.domain.Robot' is reachable as a subtype of type 'class javawars.domain.Robot'
      Started from 'javawars.domain.Robot'

java.sql.Timestamp
   Serialization status
      Instantiable
   Path
      'java.sql.Timestamp' is reachable as a subtype of type 'class java.util.Date'
      'java.util.Date' is reachable from field 'creationDate' of type 'javawars.domain.Robot'
      'javawars.domain.Robot' is reachable as a subtype of type 'class javawars.domain.Robot'
      Started from 'javawars.domain.Robot'

java.util.ArrayList<java.lang.String>
   Serialization status
      Instantiable
   Path
      'java.util.ArrayList<java.lang.String>' is reachable as a subtype of type 'interface java.util.List<java.lang.String>'
      Started from 'java.util.List<java.lang.String>'

java.util.ArrayList<javawars.domain.Robot>
   Serialization status
      Instantiable
   Path
      'java.util.ArrayList<javawars.domain.Robot>' is reachable as a subtype of type 'interface java.util.List<javawars.domain.Robot>'
      Started from 'java.util.List<javawars.domain.Robot>'

java.util.ArrayList<javawars.domain.League>
   Serialization status
      Instantiable
   Path
      'java.util.ArrayList<javawars.domain.League>' is reachable as a subtype of type 'interface java.util.List<javawars.domain.League>'
      Started from 'java.util.List<javawars.domain.League>'

java.util.ArrayList<javawars.domain.User>
   Serialization status
      Instantiable
   Path
      'java.util.ArrayList<javawars.domain.User>' is reachable as a subtype of type 'interface java.util.List<javawars.domain.User>'
      'java.util.List<javawars.domain.User>' is reachable from field 'users' of type 'javawars.domain.IpAddress'
      'javawars.domain.IpAddress' is reachable as a subtype of type 'class javawars.domain.IpAddress'
      'javawars.domain.IpAddress' is reachable from type argument 0 of type 'java.util.Stack<E>'
      'java.util.Stack<javawars.domain.IpAddress>' is reachable as a subtype of type 'interface java.util.List<javawars.domain.IpAddress>'
      'java.util.List<javawars.domain.IpAddress>' is reachable from field 'ipAddresses' of type 'javawars.domain.User'
      'javawars.domain.User' is reachable as a subtype of type 'class javawars.domain.User'
      'javawars.domain.User' is reachable from type argument 0 of type 'java.util.HashSet<E>'
      'java.util.HashSet<javawars.domain.User>' is reachable as a subtype of type 'interface java.util.Set<javawars.domain.User>'
      'java.util.Set<javawars.domain.User>' is reachable from field 'users' of type 'javawars.domain.Robot'
      'javawars.domain.Robot' is reachable as a subtype of type 'class javawars.domain.Robot'
      Started from 'javawars.domain.Robot'

java.util.ArrayList<javawars.domain.IpAddress>
   Serialization status
      Instantiable
   Path
      'java.util.ArrayList<javawars.domain.IpAddress>' is reachable as a subtype of type 'interface java.util.List<javawars.domain.IpAddress>'
      'java.util.List<javawars.domain.IpAddress>' is reachable from field 'ipAddresses' of type 'javawars.domain.User'
      'javawars.domain.User' is reachable as a subtype of type 'class javawars.domain.User'
      'javawars.domain.User' is reachable from type argument 0 of type 'java.util.HashSet<E>'
      'java.util.HashSet<javawars.domain.User>' is reachable as a subtype of type 'interface java.util.Set<javawars.domain.User>'
      'java.util.Set<javawars.domain.User>' is reachable from field 'users' of type 'javawars.domain.Robot'
      'javawars.domain.Robot' is reachable as a subtype of type 'class javawars.domain.Robot'
      Started from 'javawars.domain.Robot'

java.util.ArrayList<javawars.domain.MatchReport>
   Serialization status
      Instantiable
   Path
      'java.util.ArrayList<javawars.domain.MatchReport>' is reachable as a subtype of type 'interface java.util.List<javawars.domain.MatchReport>'
      Started from 'java.util.List<javawars.domain.MatchReport>'

java.util.Arrays.ArrayList<java.lang.String>
   Serialization status
      Instantiable
   Path
      'java.util.Arrays.ArrayList<java.lang.String>' is reachable as a subtype of type 'interface java.util.List<java.lang.String>'
      Started from 'java.util.List<java.lang.String>'

java.util.Arrays.ArrayList<javawars.domain.Robot>
   Serialization status
      Instantiable
   Path
      'java.util.Arrays.ArrayList<javawars.domain.Robot>' is reachable as a subtype of type 'interface java.util.List<javawars.domain.Robot>'
      Started from 'java.util.List<javawars.domain.Robot>'

java.util.Arrays.ArrayList<javawars.domain.User>
   Serialization status
      Instantiable
   Path
      'java.util.Arrays.ArrayList<javawars.domain.User>' is reachable as a subtype of type 'interface java.util.List<javawars.domain.User>'
      'java.util.List<javawars.domain.User>' is reachable from field 'users' of type 'javawars.domain.IpAddress'
      'javawars.domain.IpAddress' is reachable as a subtype of type 'class javawars.domain.IpAddress'
      'javawars.domain.IpAddress' is reachable from type argument 0 of type 'java.util.Stack<E>'
      'java.util.Stack<javawars.domain.IpAddress>' is reachable as a subtype of type 'interface java.util.List<javawars.domain.IpAddress>'
      'java.util.List<javawars.domain.IpAddress>' is reachable from field 'ipAddresses' of type 'javawars.domain.User'
      'javawars.domain.User' is reachable as a subtype of type 'class javawars.domain.User'
      'javawars.domain.User' is reachable from type argument 0 of type 'java.util.HashSet<E>'
      'java.util.HashSet<javawars.domain.User>' is reachable as a subtype of type 'interface java.util.Set<javawars.domain.User>'
      'java.util.Set<javawars.domain.User>' is reachable from field 'users' of type 'javawars.domain.Robot'
      'javawars.domain.Robot' is reachable as a subtype of type 'class javawars.domain.Robot'
      Started from 'javawars.domain.Robot'

java.util.Arrays.ArrayList<javawars.domain.IpAddress>
   Serialization status
      Instantiable
   Path
      'java.util.Arrays.ArrayList<javawars.domain.IpAddress>' is reachable as a subtype of type 'interface java.util.List<javawars.domain.IpAddress>'
      'java.util.List<javawars.domain.IpAddress>' is reachable from field 'ipAddresses' of type 'javawars.domain.User'
      'javawars.domain.User' is reachable as a subtype of type 'class javawars.domain.User'
      'javawars.domain.User' is reachable from type argument 0 of type 'java.util.HashSet<E>'
      'java.util.HashSet<javawars.domain.User>' is reachable as a subtype of type 'interface java.util.Set<javawars.domain.User>'
      'java.util.Set<javawars.domain.User>' is reachable from field 'users' of type 'javawars.domain.Robot'
      'javawars.domain.Robot' is reachable as a subtype of type 'class javawars.domain.Robot'
      Started from 'javawars.domain.Robot'

java.util.Arrays.ArrayList<javawars.domain.MatchReport>
   Serialization status
      Instantiable
   Path
      'java.util.Arrays.ArrayList<javawars.domain.MatchReport>' is reachable as a subtype of type 'interface java.util.List<javawars.domain.MatchReport>'
      Started from 'java.util.List<javawars.domain.MatchReport>'

java.util.Arrays.ArrayList<javawars.domain.League>
   Serialization status
      Instantiable
   Path
      'java.util.Arrays.ArrayList<javawars.domain.League>' is reachable as a subtype of type 'interface java.util.List<javawars.domain.League>'
      Started from 'java.util.List<javawars.domain.League>'

java.util.Date
   Serialization status
      Instantiable
   Path
      'java.util.Date' is reachable as a subtype of type 'class java.util.Date'
      'java.util.Date' is reachable from field 'creationDate' of type 'javawars.domain.Robot'
      'javawars.domain.Robot' is reachable as a subtype of type 'class javawars.domain.Robot'
      Started from 'javawars.domain.Robot'

java.util.HashSet<javawars.domain.MatchReport>
   Serialization status
      Instantiable
   Path
      'java.util.HashSet<javawars.domain.MatchReport>' is reachable as a subtype of type 'interface java.util.Set<javawars.domain.MatchReport>'
      'java.util.Set<javawars.domain.MatchReport>' is reachable from field 'matchReports' of type 'javawars.domain.League'
      'javawars.domain.League' is reachable as a subtype of type 'class javawars.domain.League'
      'javawars.domain.League' is reachable from type argument 0 of type 'java.util.HashSet<E>'
      'java.util.HashSet<javawars.domain.League>' is reachable as a subtype of type 'interface java.util.Set<javawars.domain.League>'
      'java.util.Set<javawars.domain.League>' is reachable from field 'leagues' of type 'javawars.domain.User'
      'javawars.domain.User' is reachable as a subtype of type 'class javawars.domain.User'
      'javawars.domain.User' is reachable from type argument 0 of type 'java.util.HashSet<E>'
      'java.util.HashSet<javawars.domain.User>' is reachable as a subtype of type 'interface java.util.Set<javawars.domain.User>'
      'java.util.Set<javawars.domain.User>' is reachable from field 'users' of type 'javawars.domain.Robot'
      'javawars.domain.Robot' is reachable as a subtype of type 'class javawars.domain.Robot'
      Started from 'javawars.domain.Robot'

java.util.HashSet<javawars.domain.League>
   Serialization status
      Instantiable
   Path
      'java.util.HashSet<javawars.domain.League>' is reachable as a subtype of type 'interface java.util.Set<javawars.domain.League>'
      'java.util.Set<javawars.domain.League>' is reachable from field 'leagues' of type 'javawars.domain.User'
      'javawars.domain.User' is reachable as a subtype of type 'class javawars.domain.User'
      'javawars.domain.User' is reachable from type argument 0 of type 'java.util.HashSet<E>'
      'java.util.HashSet<javawars.domain.User>' is reachable as a subtype of type 'interface java.util.Set<javawars.domain.User>'
      'java.util.Set<javawars.domain.User>' is reachable from field 'users' of type 'javawars.domain.Robot'
      'javawars.domain.Robot' is reachable as a subtype of type 'class javawars.domain.Robot'
      Started from 'javawars.domain.Robot'

java.util.HashSet<javawars.domain.Robot>
   Serialization status
      Instantiable
   Path
      'java.util.HashSet<javawars.domain.Robot>' is reachable as a subtype of type 'interface java.util.Set<javawars.domain.Robot>'
      'java.util.Set<javawars.domain.Robot>' is reachable from field 'robots' of type 'javawars.domain.User'
      'javawars.domain.User' is reachable as a subtype of type 'class javawars.domain.User'
      'javawars.domain.User' is reachable from type argument 0 of type 'java.util.HashSet<E>'
      'java.util.HashSet<javawars.domain.User>' is reachable as a subtype of type 'interface java.util.Set<javawars.domain.User>'
      'java.util.Set<javawars.domain.User>' is reachable from field 'users' of type 'javawars.domain.Robot'
      'javawars.domain.Robot' is reachable as a subtype of type 'class javawars.domain.Robot'
      Started from 'javawars.domain.Robot'

java.util.HashSet<javawars.domain.User>
   Serialization status
      Instantiable
   Path
      'java.util.HashSet<javawars.domain.User>' is reachable as a subtype of type 'interface java.util.Set<javawars.domain.User>'
      'java.util.Set<javawars.domain.User>' is reachable from field 'users' of type 'javawars.domain.Robot'
      'javawars.domain.Robot' is reachable as a subtype of type 'class javawars.domain.Robot'
      Started from 'javawars.domain.Robot'

java.util.LinkedHashSet<javawars.domain.MatchReport>
   Serialization status
      Instantiable
   Path
      'java.util.LinkedHashSet<javawars.domain.MatchReport>' is reachable as a subtype of type 'interface java.util.Set<javawars.domain.MatchReport>'
      'java.util.Set<javawars.domain.MatchReport>' is reachable from field 'matchReports' of type 'javawars.domain.League'
      'javawars.domain.League' is reachable as a subtype of type 'class javawars.domain.League'
      'javawars.domain.League' is reachable from type argument 0 of type 'java.util.HashSet<E>'
      'java.util.HashSet<javawars.domain.League>' is reachable as a subtype of type 'interface java.util.Set<javawars.domain.League>'
      'java.util.Set<javawars.domain.League>' is reachable from field 'leagues' of type 'javawars.domain.User'
      'javawars.domain.User' is reachable as a subtype of type 'class javawars.domain.User'
      'javawars.domain.User' is reachable from type argument 0 of type 'java.util.HashSet<E>'
      'java.util.HashSet<javawars.domain.User>' is reachable as a subtype of type 'interface java.util.Set<javawars.domain.User>'
      'java.util.Set<javawars.domain.User>' is reachable from field 'users' of type 'javawars.domain.Robot'
      'javawars.domain.Robot' is reachable as a subtype of type 'class javawars.domain.Robot'
      Started from 'javawars.domain.Robot'

java.util.LinkedHashSet<javawars.domain.League>
   Serialization status
      Instantiable
   Path
      'java.util.LinkedHashSet<javawars.domain.League>' is reachable as a subtype of type 'interface java.util.Set<javawars.domain.League>'
      'java.util.Set<javawars.domain.League>' is reachable from field 'leagues' of type 'javawars.domain.MatchReport'
      'javawars.domain.MatchReport' is reachable as a subtype of type 'class javawars.domain.MatchReport'
      'javawars.domain.MatchReport' is reachable from type argument 0 of type 'java.util.HashSet<E>'
      'java.util.HashSet<javawars.domain.MatchReport>' is reachable as a subtype of type 'interface java.util.Set<javawars.domain.MatchReport>'
      'java.util.Set<javawars.domain.MatchReport>' is reachable from field 'matchReports' of type 'javawars.domain.League'
      'javawars.domain.League' is reachable as a subtype of type 'class javawars.domain.League'
      'javawars.domain.League' is reachable from type argument 0 of type 'java.util.HashSet<E>'
      'java.util.HashSet<javawars.domain.League>' is reachable as a subtype of type 'interface java.util.Set<javawars.domain.League>'
      'java.util.Set<javawars.domain.League>' is reachable from field 'leagues' of type 'javawars.domain.User'
      'javawars.domain.User' is reachable as a subtype of type 'class javawars.domain.User'
      'javawars.domain.User' is reachable from type argument 0 of type 'java.util.HashSet<E>'
      'java.util.HashSet<javawars.domain.User>' is reachable as a subtype of type 'interface java.util.Set<javawars.domain.User>'
      'java.util.Set<javawars.domain.User>' is reachable from field 'users' of type 'javawars.domain.Robot'
      'javawars.domain.Robot' is reachable as a subtype of type 'class javawars.domain.Robot'
      Started from 'javawars.domain.Robot'

java.util.LinkedHashSet<javawars.domain.User>
   Serialization status
      Instantiable
   Path
      'java.util.LinkedHashSet<javawars.domain.User>' is reachable as a subtype of type 'interface java.util.Set<javawars.domain.User>'
      'java.util.Set<javawars.domain.User>' is reachable from field 'users' of type 'javawars.domain.League'
      'javawars.domain.League' is reachable as a subtype of type 'class javawars.domain.League'
      'javawars.domain.League' is reachable from type argument 0 of type 'java.util.HashSet<E>'
      'java.util.HashSet<javawars.domain.League>' is reachable as a subtype of type 'interface java.util.Set<javawars.domain.League>'
      'java.util.Set<javawars.domain.League>' is reachable from field 'leagues' of type 'javawars.domain.User'
      'javawars.domain.User' is reachable as a subtype of type 'class javawars.domain.User'
      'javawars.domain.User' is reachable from type argument 0 of type 'java.util.HashSet<E>'
      'java.util.HashSet<javawars.domain.User>' is reachable as a subtype of type 'interface java.util.Set<javawars.domain.User>'
      'java.util.Set<javawars.domain.User>' is reachable from field 'users' of type 'javawars.domain.Robot'
      'javawars.domain.Robot' is reachable as a subtype of type 'class javawars.domain.Robot'
      Started from 'javawars.domain.Robot'

java.util.LinkedHashSet<javawars.domain.Robot>
   Serialization status
      Instantiable
   Path
      'java.util.LinkedHashSet<javawars.domain.Robot>' is reachable as a subtype of type 'interface java.util.Set<javawars.domain.Robot>'
      'java.util.Set<javawars.domain.Robot>' is reachable from field 'robots' of type 'javawars.domain.User'
      'javawars.domain.User' is reachable as a subtype of type 'class javawars.domain.User'
      'javawars.domain.User' is reachable from type argument 0 of type 'java.util.HashSet<E>'
      'java.util.HashSet<javawars.domain.User>' is reachable as a subtype of type 'interface java.util.Set<javawars.domain.User>'
      'java.util.Set<javawars.domain.User>' is reachable from field 'users' of type 'javawars.domain.Robot'
      'javawars.domain.Robot' is reachable as a subtype of type 'class javawars.domain.Robot'
      Started from 'javawars.domain.Robot'

java.util.LinkedList<java.lang.String>
   Serialization status
      Instantiable
   Path
      'java.util.LinkedList<java.lang.String>' is reachable as a subtype of type 'interface java.util.List<java.lang.String>'
      Started from 'java.util.List<java.lang.String>'

java.util.LinkedList<javawars.domain.Robot>
   Serialization status
      Instantiable
   Path
      'java.util.LinkedList<javawars.domain.Robot>' is reachable as a subtype of type 'interface java.util.List<javawars.domain.Robot>'
      Started from 'java.util.List<javawars.domain.Robot>'

java.util.LinkedList<javawars.domain.League>
   Serialization status
      Instantiable
   Path
      'java.util.LinkedList<javawars.domain.League>' is reachable as a subtype of type 'interface java.util.List<javawars.domain.League>'
      Started from 'java.util.List<javawars.domain.League>'

java.util.LinkedList<javawars.domain.User>
   Serialization status
      Instantiable
   Path
      'java.util.LinkedList<javawars.domain.User>' is reachable as a subtype of type 'interface java.util.List<javawars.domain.User>'
      'java.util.List<javawars.domain.User>' is reachable from field 'users' of type 'javawars.domain.IpAddress'
      'javawars.domain.IpAddress' is reachable as a subtype of type 'class javawars.domain.IpAddress'
      'javawars.domain.IpAddress' is reachable from type argument 0 of type 'java.util.Stack<E>'
      'java.util.Stack<javawars.domain.IpAddress>' is reachable as a subtype of type 'interface java.util.List<javawars.domain.IpAddress>'
      'java.util.List<javawars.domain.IpAddress>' is reachable from field 'ipAddresses' of type 'javawars.domain.User'
      'javawars.domain.User' is reachable as a subtype of type 'class javawars.domain.User'
      'javawars.domain.User' is reachable from type argument 0 of type 'java.util.HashSet<E>'
      'java.util.HashSet<javawars.domain.User>' is reachable as a subtype of type 'interface java.util.Set<javawars.domain.User>'
      'java.util.Set<javawars.domain.User>' is reachable from field 'users' of type 'javawars.domain.Robot'
      'javawars.domain.Robot' is reachable as a subtype of type 'class javawars.domain.Robot'
      Started from 'javawars.domain.Robot'

java.util.LinkedList<javawars.domain.IpAddress>
   Serialization status
      Instantiable
   Path
      'java.util.LinkedList<javawars.domain.IpAddress>' is reachable as a subtype of type 'interface java.util.List<javawars.domain.IpAddress>'
      'java.util.List<javawars.domain.IpAddress>' is reachable from field 'ipAddresses' of type 'javawars.domain.User'
      'javawars.domain.User' is reachable as a subtype of type 'class javawars.domain.User'
      'javawars.domain.User' is reachable from type argument 0 of type 'java.util.HashSet<E>'
      'java.util.HashSet<javawars.domain.User>' is reachable as a subtype of type 'interface java.util.Set<javawars.domain.User>'
      'java.util.Set<javawars.domain.User>' is reachable from field 'users' of type 'javawars.domain.Robot'
      'javawars.domain.Robot' is reachable as a subtype of type 'class javawars.domain.Robot'
      Started from 'javawars.domain.Robot'

java.util.LinkedList<javawars.domain.MatchReport>
   Serialization status
      Instantiable
   Path
      'java.util.LinkedList<javawars.domain.MatchReport>' is reachable as a subtype of type 'interface java.util.List<javawars.domain.MatchReport>'
      Started from 'java.util.List<javawars.domain.MatchReport>'

java.util.Stack<java.lang.String>
   Serialization status
      Instantiable
   Path
      'java.util.Stack<java.lang.String>' is reachable as a subtype of type 'interface java.util.List<java.lang.String>'
      Started from 'java.util.List<java.lang.String>'

java.util.Stack<javawars.domain.Robot>
   Serialization status
      Instantiable
   Path
      'java.util.Stack<javawars.domain.Robot>' is reachable as a subtype of type 'interface java.util.List<javawars.domain.Robot>'
      Started from 'java.util.List<javawars.domain.Robot>'

java.util.Stack<javawars.domain.IpAddress>
   Serialization status
      Instantiable
   Path
      'java.util.Stack<javawars.domain.IpAddress>' is reachable as a subtype of type 'interface java.util.List<javawars.domain.IpAddress>'
      'java.util.List<javawars.domain.IpAddress>' is reachable from field 'ipAddresses' of type 'javawars.domain.User'
      'javawars.domain.User' is reachable as a subtype of type 'class javawars.domain.User'
      'javawars.domain.User' is reachable from type argument 0 of type 'java.util.HashSet<E>'
      'java.util.HashSet<javawars.domain.User>' is reachable as a subtype of type 'interface java.util.Set<javawars.domain.User>'
      'java.util.Set<javawars.domain.User>' is reachable from field 'users' of type 'javawars.domain.Robot'
      'javawars.domain.Robot' is reachable as a subtype of type 'class javawars.domain.Robot'
      Started from 'javawars.domain.Robot'

java.util.Stack<javawars.domain.User>
   Serialization status
      Instantiable
   Path
      'java.util.Stack<javawars.domain.User>' is reachable as a subtype of type 'interface java.util.List<javawars.domain.User>'
      'java.util.List<javawars.domain.User>' is reachable from field 'users' of type 'javawars.domain.IpAddress'
      'javawars.domain.IpAddress' is reachable as a subtype of type 'class javawars.domain.IpAddress'
      'javawars.domain.IpAddress' is reachable from type argument 0 of type 'java.util.Stack<E>'
      'java.util.Stack<javawars.domain.IpAddress>' is reachable as a subtype of type 'interface java.util.List<javawars.domain.IpAddress>'
      'java.util.List<javawars.domain.IpAddress>' is reachable from field 'ipAddresses' of type 'javawars.domain.User'
      'javawars.domain.User' is reachable as a subtype of type 'class javawars.domain.User'
      'javawars.domain.User' is reachable from type argument 0 of type 'java.util.HashSet<E>'
      'java.util.HashSet<javawars.domain.User>' is reachable as a subtype of type 'interface java.util.Set<javawars.domain.User>'
      'java.util.Set<javawars.domain.User>' is reachable from field 'users' of type 'javawars.domain.Robot'
      'javawars.domain.Robot' is reachable as a subtype of type 'class javawars.domain.Robot'
      Started from 'javawars.domain.Robot'

java.util.Stack<javawars.domain.MatchReport>
   Serialization status
      Instantiable
   Path
      'java.util.Stack<javawars.domain.MatchReport>' is reachable as a subtype of type 'interface java.util.List<javawars.domain.MatchReport>'
      Started from 'java.util.List<javawars.domain.MatchReport>'

java.util.Stack<javawars.domain.League>
   Serialization status
      Instantiable
   Path
      'java.util.Stack<javawars.domain.League>' is reachable as a subtype of type 'interface java.util.List<javawars.domain.League>'
      Started from 'java.util.List<javawars.domain.League>'

java.util.Vector<java.lang.String>
   Serialization status
      Instantiable
   Path
      'java.util.Vector<java.lang.String>' is reachable as a supertype of type 'class java.util.Stack<java.lang.String>'
      'java.util.Stack<java.lang.String>' is reachable as a subtype of type 'interface java.util.List<java.lang.String>'
      Started from 'java.util.List<java.lang.String>'

java.util.Vector<javawars.domain.Robot>
   Serialization status
      Instantiable
   Path
      'java.util.Vector<javawars.domain.Robot>' is reachable as a supertype of type 'class java.util.Stack<javawars.domain.Robot>'
      'java.util.Stack<javawars.domain.Robot>' is reachable as a subtype of type 'interface java.util.List<javawars.domain.Robot>'
      Started from 'java.util.List<javawars.domain.Robot>'

java.util.Vector<javawars.domain.User>
   Serialization status
      Instantiable
   Path
      'java.util.Vector<javawars.domain.User>' is reachable as a supertype of type 'class java.util.Stack<javawars.domain.User>'
      'java.util.Stack<javawars.domain.User>' is reachable as a subtype of type 'interface java.util.List<javawars.domain.User>'
      'java.util.List<javawars.domain.User>' is reachable from field 'users' of type 'javawars.domain.IpAddress'
      'javawars.domain.IpAddress' is reachable as a subtype of type 'class javawars.domain.IpAddress'
      'javawars.domain.IpAddress' is reachable from type argument 0 of type 'java.util.Stack<E>'
      'java.util.Stack<javawars.domain.IpAddress>' is reachable as a subtype of type 'interface java.util.List<javawars.domain.IpAddress>'
      'java.util.List<javawars.domain.IpAddress>' is reachable from field 'ipAddresses' of type 'javawars.domain.User'
      'javawars.domain.User' is reachable as a subtype of type 'class javawars.domain.User'
      'javawars.domain.User' is reachable from type argument 0 of type 'java.util.HashSet<E>'
      'java.util.HashSet<javawars.domain.User>' is reachable as a subtype of type 'interface java.util.Set<javawars.domain.User>'
      'java.util.Set<javawars.domain.User>' is reachable from field 'users' of type 'javawars.domain.Robot'
      'javawars.domain.Robot' is reachable as a subtype of type 'class javawars.domain.Robot'
      Started from 'javawars.domain.Robot'

java.util.Vector<javawars.domain.IpAddress>
   Serialization status
      Instantiable
   Path
      'java.util.Vector<javawars.domain.IpAddress>' is reachable as a supertype of type 'class java.util.Stack<javawars.domain.IpAddress>'
      'java.util.Stack<javawars.domain.IpAddress>' is reachable as a subtype of type 'interface java.util.List<javawars.domain.IpAddress>'
      'java.util.List<javawars.domain.IpAddress>' is reachable from field 'ipAddresses' of type 'javawars.domain.User'
      'javawars.domain.User' is reachable as a subtype of type 'class javawars.domain.User'
      'javawars.domain.User' is reachable from type argument 0 of type 'java.util.HashSet<E>'
      'java.util.HashSet<javawars.domain.User>' is reachable as a subtype of type 'interface java.util.Set<javawars.domain.User>'
      'java.util.Set<javawars.domain.User>' is reachable from field 'users' of type 'javawars.domain.Robot'
      'javawars.domain.Robot' is reachable as a subtype of type 'class javawars.domain.Robot'
      Started from 'javawars.domain.Robot'

java.util.Vector<javawars.domain.MatchReport>
   Serialization status
      Instantiable
   Path
      'java.util.Vector<javawars.domain.MatchReport>' is reachable as a supertype of type 'class java.util.Stack<javawars.domain.MatchReport>'
      'java.util.Stack<javawars.domain.MatchReport>' is reachable as a subtype of type 'interface java.util.List<javawars.domain.MatchReport>'
      Started from 'java.util.List<javawars.domain.MatchReport>'

java.util.Vector<javawars.domain.League>
   Serialization status
      Instantiable
   Path
      'java.util.Vector<javawars.domain.League>' is reachable as a supertype of type 'class java.util.Stack<javawars.domain.League>'
      'java.util.Stack<javawars.domain.League>' is reachable as a subtype of type 'interface java.util.List<javawars.domain.League>'
      Started from 'java.util.List<javawars.domain.League>'

javawars.client.data.SessionConstants
   Serialization status
      Instantiable
   Path
      'javawars.client.data.SessionConstants' is reachable as a subtype of type 'class javawars.client.data.SessionConstants'
      Started from 'javawars.client.data.SessionConstants'

javawars.domain.IpAddress
   Serialization status
      Instantiable
   Path
      'javawars.domain.IpAddress' is reachable as a subtype of type 'class javawars.domain.IpAddress'
      'javawars.domain.IpAddress' is reachable from type argument 0 of type 'java.util.Stack<E>'
      'java.util.Stack<javawars.domain.IpAddress>' is reachable as a subtype of type 'interface java.util.List<javawars.domain.IpAddress>'
      'java.util.List<javawars.domain.IpAddress>' is reachable from field 'ipAddresses' of type 'javawars.domain.User'
      'javawars.domain.User' is reachable as a subtype of type 'class javawars.domain.User'
      'javawars.domain.User' is reachable from type argument 0 of type 'java.util.HashSet<E>'
      'java.util.HashSet<javawars.domain.User>' is reachable as a subtype of type 'interface java.util.Set<javawars.domain.User>'
      'java.util.Set<javawars.domain.User>' is reachable from field 'users' of type 'javawars.domain.Robot'
      'javawars.domain.Robot' is reachable as a subtype of type 'class javawars.domain.Robot'
      Started from 'javawars.domain.Robot'

javawars.domain.IpAddress[]
   Serialization status
      Instantiable
   Path
      'javawars.domain.IpAddress' is reachable from type argument 0 of type 'java.util.Arrays.ArrayList<E>'
      'java.util.Arrays.ArrayList<javawars.domain.IpAddress>' is reachable as a subtype of type 'interface java.util.List<javawars.domain.IpAddress>'
      'java.util.List<javawars.domain.IpAddress>' is reachable from field 'ipAddresses' of type 'javawars.domain.User'
      'javawars.domain.User' is reachable as a subtype of type 'class javawars.domain.User'
      'javawars.domain.User' is reachable from type argument 0 of type 'java.util.HashSet<E>'
      'java.util.HashSet<javawars.domain.User>' is reachable as a subtype of type 'interface java.util.Set<javawars.domain.User>'
      'java.util.Set<javawars.domain.User>' is reachable from field 'users' of type 'javawars.domain.Robot'
      'javawars.domain.Robot' is reachable as a subtype of type 'class javawars.domain.Robot'
      Started from 'javawars.domain.Robot'

javawars.domain.League
   Serialization status
      Instantiable
   Path
      'javawars.domain.League' is reachable as a subtype of type 'class javawars.domain.League'
      'javawars.domain.League' is reachable from type argument 0 of type 'java.util.HashSet<E>'
      'java.util.HashSet<javawars.domain.League>' is reachable as a subtype of type 'interface java.util.Set<javawars.domain.League>'
      'java.util.Set<javawars.domain.League>' is reachable from field 'leagues' of type 'javawars.domain.User'
      'javawars.domain.User' is reachable as a subtype of type 'class javawars.domain.User'
      'javawars.domain.User' is reachable from type argument 0 of type 'java.util.HashSet<E>'
      'java.util.HashSet<javawars.domain.User>' is reachable as a subtype of type 'interface java.util.Set<javawars.domain.User>'
      'java.util.Set<javawars.domain.User>' is reachable from field 'users' of type 'javawars.domain.Robot'
      'javawars.domain.Robot' is reachable as a subtype of type 'class javawars.domain.Robot'
      Started from 'javawars.domain.Robot'

javawars.domain.League[]
   Serialization status
      Instantiable
   Path
      'javawars.domain.League' is reachable from type argument 0 of type 'java.util.Arrays.ArrayList<E>'
      'java.util.Arrays.ArrayList<javawars.domain.League>' is reachable as a subtype of type 'interface java.util.List<javawars.domain.League>'
      Started from 'java.util.List<javawars.domain.League>'

javawars.domain.MatchReport
   Serialization status
      Instantiable
   Path
      'javawars.domain.MatchReport' is reachable as a subtype of type 'class javawars.domain.MatchReport'
      'javawars.domain.MatchReport' is reachable from type argument 0 of type 'java.util.HashSet<E>'
      'java.util.HashSet<javawars.domain.MatchReport>' is reachable as a subtype of type 'interface java.util.Set<javawars.domain.MatchReport>'
      'java.util.Set<javawars.domain.MatchReport>' is reachable from field 'matchReports' of type 'javawars.domain.League'
      'javawars.domain.League' is reachable as a subtype of type 'class javawars.domain.League'
      'javawars.domain.League' is reachable from type argument 0 of type 'java.util.HashSet<E>'
      'java.util.HashSet<javawars.domain.League>' is reachable as a subtype of type 'interface java.util.Set<javawars.domain.League>'
      'java.util.Set<javawars.domain.League>' is reachable from field 'leagues' of type 'javawars.domain.User'
      'javawars.domain.User' is reachable as a subtype of type 'class javawars.domain.User'
      'javawars.domain.User' is reachable from type argument 0 of type 'java.util.HashSet<E>'
      'java.util.HashSet<javawars.domain.User>' is reachable as a subtype of type 'interface java.util.Set<javawars.domain.User>'
      'java.util.Set<javawars.domain.User>' is reachable from field 'users' of type 'javawars.domain.Robot'
      'javawars.domain.Robot' is reachable as a subtype of type 'class javawars.domain.Robot'
      Started from 'javawars.domain.Robot'

javawars.domain.MatchReport[]
   Serialization status
      Instantiable
   Path
      'javawars.domain.MatchReport' is reachable from type argument 0 of type 'java.util.Arrays.ArrayList<E>'
      'java.util.Arrays.ArrayList<javawars.domain.MatchReport>' is reachable as a subtype of type 'interface java.util.List<javawars.domain.MatchReport>'
      Started from 'java.util.List<javawars.domain.MatchReport>'

javawars.domain.Robot
   Serialization status
      Instantiable
   Path
      'javawars.domain.Robot' is reachable as a subtype of type 'class javawars.domain.Robot'
      Started from 'javawars.domain.Robot'

javawars.domain.Robot[]
   Serialization status
      Instantiable
   Path
      'javawars.domain.Robot' is reachable from type argument 0 of type 'java.util.Arrays.ArrayList<E>'
      'java.util.Arrays.ArrayList<javawars.domain.Robot>' is reachable as a subtype of type 'interface java.util.List<javawars.domain.Robot>'
      Started from 'java.util.List<javawars.domain.Robot>'

javawars.domain.User
   Serialization status
      Instantiable
   Path
      'javawars.domain.User' is reachable as a subtype of type 'class javawars.domain.User'
      'javawars.domain.User' is reachable from type argument 0 of type 'java.util.HashSet<E>'
      'java.util.HashSet<javawars.domain.User>' is reachable as a subtype of type 'interface java.util.Set<javawars.domain.User>'
      'java.util.Set<javawars.domain.User>' is reachable from field 'users' of type 'javawars.domain.Robot'
      'javawars.domain.Robot' is reachable as a subtype of type 'class javawars.domain.Robot'
      Started from 'javawars.domain.Robot'

javawars.domain.User[]
   Serialization status
      Instantiable
   Path
      'javawars.domain.User' is reachable from type argument 0 of type 'java.util.Arrays.ArrayList<E>'
      'java.util.Arrays.ArrayList<javawars.domain.User>' is reachable as a subtype of type 'interface java.util.List<javawars.domain.User>'
      'java.util.List<javawars.domain.User>' is reachable from field 'users' of type 'javawars.domain.IpAddress'
      'javawars.domain.IpAddress' is reachable as a subtype of type 'class javawars.domain.IpAddress'
      'javawars.domain.IpAddress' is reachable from type argument 0 of type 'java.util.Stack<E>'
      'java.util.Stack<javawars.domain.IpAddress>' is reachable as a subtype of type 'interface java.util.List<javawars.domain.IpAddress>'
      'java.util.List<javawars.domain.IpAddress>' is reachable from field 'ipAddresses' of type 'javawars.domain.User'
      'javawars.domain.User' is reachable as a subtype of type 'class javawars.domain.User'
      'javawars.domain.User' is reachable from type argument 0 of type 'java.util.HashSet<E>'
      'java.util.HashSet<javawars.domain.User>' is reachable as a subtype of type 'interface java.util.Set<javawars.domain.User>'
      'java.util.Set<javawars.domain.User>' is reachable from field 'users' of type 'javawars.domain.Robot'
      'javawars.domain.Robot' is reachable as a subtype of type 'class javawars.domain.Robot'
      Started from 'javawars.domain.Robot'

javawars.domain.exceptions.AuthenticationException
   Serialization status
      Instantiable
   Path
      'javawars.domain.exceptions.AuthenticationException' is reachable as a subtype of type 'class javawars.domain.exceptions.AuthenticationException'
      Started from 'javawars.domain.exceptions.AuthenticationException'

javawars.domain.exceptions.Enum.Error
   Serialization status
      Instantiable
   Path
      'javawars.domain.exceptions.Enum.Error' is reachable as a subtype of type 'class javawars.domain.exceptions.Enum.Error'
      'javawars.domain.exceptions.Enum.Error' is reachable from field 'error' of type 'javawars.domain.exceptions.IncorrectParameterException'
      'javawars.domain.exceptions.IncorrectParameterException' is reachable as a subtype of type 'class javawars.domain.exceptions.IncorrectParameterException'
      Started from 'javawars.domain.exceptions.IncorrectParameterException'

javawars.domain.exceptions.Enum.Parameter
   Serialization status
      Instantiable
   Path
      'javawars.domain.exceptions.Enum.Parameter' is reachable as a subtype of type 'class javawars.domain.exceptions.Enum.Parameter'
      'javawars.domain.exceptions.Enum.Parameter' is reachable from field 'parameter' of type 'javawars.domain.exceptions.IncorrectParameterException'
      'javawars.domain.exceptions.IncorrectParameterException' is reachable as a subtype of type 'class javawars.domain.exceptions.IncorrectParameterException'
      Started from 'javawars.domain.exceptions.IncorrectParameterException'

javawars.domain.exceptions.InactiveAccountException
   Serialization status
      Instantiable
   Path
      'javawars.domain.exceptions.InactiveAccountException' is reachable as a subtype of type 'class javawars.domain.exceptions.AuthenticationException'
      Started from 'javawars.domain.exceptions.AuthenticationException'

javawars.domain.exceptions.IncorrectParameterException
   Serialization status
      Instantiable
   Path
      'javawars.domain.exceptions.IncorrectParameterException' is reachable as a subtype of type 'class javawars.domain.exceptions.IncorrectParameterException'
      Started from 'javawars.domain.exceptions.IncorrectParameterException'

